Determining if the pthread_create exist failed with the following output:
Change Dir: /home/tonny/catvehicle_ws/build/CMakeFiles/CMakeTmp

Run Build Command:/usr/bin/make "cmTryCompileExec2895058882/fast"
/usr/bin/make -f CMakeFiles/cmTryCompileExec2895058882.dir/build.make CMakeFiles/cmTryCompileExec2895058882.dir/build
make[1]: se ingresa al directorio «/home/tonny/catvehicle_ws/build/CMakeFiles/CMakeTmp»
/usr/bin/cmake -E cmake_progress_report /home/tonny/catvehicle_ws/build/CMakeFiles/CMakeTmp/CMakeFiles 1
Building C object CMakeFiles/cmTryCompileExec2895058882.dir/CheckSymbolExists.c.o
/usr/bin/cc    -o CMakeFiles/cmTryCompileExec2895058882.dir/CheckSymbolExists.c.o   -c /home/tonny/catvehicle_ws/build/CMakeFiles/CMakeTmp/CheckSymbolExists.c
Linking C executable cmTryCompileExec2895058882
/usr/bin/cmake -E cmake_link_script CMakeFiles/cmTryCompileExec2895058882.dir/link.txt --verbose=1
/usr/bin/cc       CMakeFiles/cmTryCompileExec2895058882.dir/CheckSymbolExists.c.o  -o cmTryCompileExec2895058882 -rdynamic 
CMakeFiles/cmTryCompileExec2895058882.dir/CheckSymbolExists.c.o: En la función `main':
CheckSymbolExists.c:(.text+0x16): referencia a `pthread_create' sin definir
collect2: error: ld returned 1 exit status
make[1]: *** [cmTryCompileExec2895058882] Error 1
make[1]: se sale del directorio «/home/tonny/catvehicle_ws/build/CMakeFiles/CMakeTmp»
make: *** [cmTryCompileExec2895058882/fast] Error 2

File /home/tonny/catvehicle_ws/build/CMakeFiles/CMakeTmp/CheckSymbolExists.c:
/* */
#include <pthread.h>

int main(int argc, char** argv)
{
  (void)argv;
#ifndef pthread_create
  return ((int*)(&pthread_create))[argc];
#else
  (void)argc;
  return 0;
#endif
}

Determining if the function pthread_create exists in the pthreads failed with the following output:
Change Dir: /home/tonny/catvehicle_ws/build/CMakeFiles/CMakeTmp

Run Build Command:/usr/bin/make "cmTryCompileExec460669773/fast"
/usr/bin/make -f CMakeFiles/cmTryCompileExec460669773.dir/build.make CMakeFiles/cmTryCompileExec460669773.dir/build
make[1]: se ingresa al directorio «/home/tonny/catvehicle_ws/build/CMakeFiles/CMakeTmp»
/usr/bin/cmake -E cmake_progress_report /home/tonny/catvehicle_ws/build/CMakeFiles/CMakeTmp/CMakeFiles 1
Building C object CMakeFiles/cmTryCompileExec460669773.dir/CheckFunctionExists.c.o
/usr/bin/cc   -DCHECK_FUNCTION_EXISTS=pthread_create   -o CMakeFiles/cmTryCompileExec460669773.dir/CheckFunctionExists.c.o   -c /usr/share/cmake-2.8/Modules/CheckFunctionExists.c
Linking C executable cmTryCompileExec460669773
/usr/bin/cmake -E cmake_link_script CMakeFiles/cmTryCompileExec460669773.dir/link.txt --verbose=1
/usr/bin/cc   -DCHECK_FUNCTION_EXISTS=pthread_create    CMakeFiles/cmTryCompileExec460669773.dir/CheckFunctionExists.c.o  -o cmTryCompileExec460669773 -rdynamic -lpthreads 
/usr/bin/ld: no se puede encontrar -lpthreads
collect2: error: ld returned 1 exit status
make[1]: *** [cmTryCompileExec460669773] Error 1
make[1]: se sale del directorio «/home/tonny/catvehicle_ws/build/CMakeFiles/CMakeTmp»
make: *** [cmTryCompileExec460669773/fast] Error 2


